<?xml version="1.0" encoding="UTF-8"?>
<!-- Generated by org.testng.reporters.JUnitXMLReporter -->
<testsuite hostname="ARS-NBT-LAP-250" ignored="0" name="Dav12" tests="26" failures="1" timestamp="18 May 2022 11:47:38 GMT" time="87.959" errors="0">
  <testcase name="verifyAgentInitiateASingleCase" time="32.716" classname="com.dav.testcases.TC_DkycAgentInitiateSingleCase_09"/>
  <testcase name="verifyAgentDkycEmailVerification" time="9.108" classname="com.dav.testcases.TC_DkycAgentInitiateSingleCase_09"/>
  <testcase name="verifyDkycAgentLoginDeatils" time="4.274" classname="com.dav.testcases.TC_DkycAgentInitiateSingleCase_09"/>
  <testcase name="verifyDkycAgentWipCase" time="10.741" classname="com.dav.testcases.TC_DkycAgentInitiateSingleCase_09"/>
  <testcase name="verifyWelcomCompleteDkycJourney" time="26.745" classname="com.dav.testcases.TC_DkycAgentInitiateSingleCase_09">
    <failure type="org.openqa.selenium.WebDriverException" message="chrome not reachable
  (Session info: chrome=101.0.4951.41)
Build info: version: &amp;apos;3.14.0&amp;apos;, revision: &amp;apos;aacccce0&amp;apos;, time: &amp;apos;2018-08-02T20:19:58.91Z&amp;apos;
System info: host: &amp;apos;ARS-NBT-LAP-250&amp;apos;, ip: &amp;apos;192.168.43.51&amp;apos;, os.name: &amp;apos;Linux&amp;apos;, os.arch: &amp;apos;amd64&amp;apos;, os.version: &amp;apos;5.13.0-41-generic&amp;apos;, java.version: &amp;apos;1.8.0_312&amp;apos;
Driver info: org.openqa.selenium.chrome.ChromeDriver
Capabilities {acceptInsecureCerts: false, browserName: chrome, browserVersion: 101.0.4951.41, chrome: {chromedriverVersion: 101.0.4951.41 (93c720db8323..., userDataDir: /tmp/.com.google.Chrome.XZ10Gr}, goog:chromeOptions: {debuggerAddress: localhost:35125}, javascriptEnabled: true, networkConnectionEnabled: false, pageLoadStrategy: normal, platform: LINUX, platformName: LINUX, proxy: Proxy(), setWindowRect: true, strictFileInteractability: false, timeouts: {implicit: 0, pageLoad: 300000, script: 30000}, unhandledPromptBehavior: dismiss and notify, webauthn:extension:credBlob: true, webauthn:extension:largeBlob: true, webauthn:virtualAuthenticators: true}
Session ID: 5180fa38172edb6e56f5f0ac54af6550
*** Element info: {Using=xpath, value=//select[@id=&amp;apos;stayYearFrom&amp;apos;]}">
      <![CDATA[org.openqa.selenium.WebDriverException: chrome not reachable
  (Session info: chrome=101.0.4951.41)
Build info: version: '3.14.0', revision: 'aacccce0', time: '2018-08-02T20:19:58.91Z'
System info: host: 'ARS-NBT-LAP-250', ip: '192.168.43.51', os.name: 'Linux', os.arch: 'amd64', os.version: '5.13.0-41-generic', java.version: '1.8.0_312'
Driver info: org.openqa.selenium.chrome.ChromeDriver
Capabilities {acceptInsecureCerts: false, browserName: chrome, browserVersion: 101.0.4951.41, chrome: {chromedriverVersion: 101.0.4951.41 (93c720db8323..., userDataDir: /tmp/.com.google.Chrome.XZ10Gr}, goog:chromeOptions: {debuggerAddress: localhost:35125}, javascriptEnabled: true, networkConnectionEnabled: false, pageLoadStrategy: normal, platform: LINUX, platformName: LINUX, proxy: Proxy(), setWindowRect: true, strictFileInteractability: false, timeouts: {implicit: 0, pageLoad: 300000, script: 30000}, unhandledPromptBehavior: dismiss and notify, webauthn:extension:credBlob: true, webauthn:extension:largeBlob: true, webauthn:virtualAuthenticators: true}
Session ID: 5180fa38172edb6e56f5f0ac54af6550
*** Element info: {Using=xpath, value=//select[@id='stayYearFrom']}
at org.openqa.selenium.remote.http.W3CHttpResponseCodec.createException(W3CHttpResponseCodec.java:187)
at org.openqa.selenium.remote.http.W3CHttpResponseCodec.decode(W3CHttpResponseCodec.java:122)
at org.openqa.selenium.remote.http.W3CHttpResponseCodec.decode(W3CHttpResponseCodec.java:49)
at org.openqa.selenium.remote.HttpCommandExecutor.execute(HttpCommandExecutor.java:158)
at org.openqa.selenium.remote.service.DriverCommandExecutor.execute(DriverCommandExecutor.java:83)
at org.openqa.selenium.remote.RemoteWebDriver.execute(RemoteWebDriver.java:548)
at org.openqa.selenium.remote.RemoteWebDriver.findElement(RemoteWebDriver.java:322)
at org.openqa.selenium.remote.RemoteWebDriver.findElementByXPath(RemoteWebDriver.java:424)
at org.openqa.selenium.By$ByXPath.findElement(By.java:353)
at org.openqa.selenium.remote.RemoteWebDriver.findElement(RemoteWebDriver.java:314)
at org.openqa.selenium.support.pagefactory.DefaultElementLocator.findElement(DefaultElementLocator.java:69)
at org.openqa.selenium.support.pagefactory.internal.LocatingElementHandler.invoke(LocatingElementHandler.java:38)
at com.sun.proxy.$Proxy9.getTagName(Unknown Source)
at org.openqa.selenium.support.ui.Select.<init>(Select.java:44)
at com.dav.utilities.JavaScriptManuplator.selectOptionFromDropDown(JavaScriptManuplator.java:17)
at com.dav.pageobject.DkycAgentInitiateSingleCase.welcomeCompleteDkycJourney(DkycAgentInitiateSingleCase.java:932)
at com.dav.testcases.TC_DkycAgentInitiateSingleCase_09.verifyWelcomCompleteDkycJourney(TC_DkycAgentInitiateSingleCase_09.java:140)
... Removed 32 stack frames]]>
    </failure>
  </testcase> <!-- verifyWelcomCompleteDkycJourney -->
  <testcase name="verifyGiveYourFeedBackAction" time="0.0" classname="com.dav.testcases.TC_DkycAgentInitiateSingleCase_09">
    <skipped/>
  </testcase> <!-- verifyGiveYourFeedBackAction -->
  <testcase name="verifyGenerateCaseReportPdf" time="0.0" classname="com.dav.testcases.TC_DkycAgentInitiateSingleCase_09">
    <skipped/>
  </testcase> <!-- verifyGenerateCaseReportPdf -->
  <testcase name="verifyAgentAccountLogIn" time="0.0" classname="com.dav.testcases.TC_DkycAgentInitiateSingleCase_09">
    <skipped/>
  </testcase> <!-- verifyAgentAccountLogIn -->
  <testcase name="verifyAgentCompletedBucket" time="0.0" classname="com.dav.testcases.TC_DkycAgentInitiateSingleCase_09">
    <skipped/>
  </testcase> <!-- verifyAgentCompletedBucket -->
  <testcase name="verifyCaseResultStatusCompleted" time="0.0" classname="com.dav.testcases.TC_DkycAgentInitiateSingleCase_09">
    <skipped/>
  </testcase> <!-- verifyCaseResultStatusCompleted -->
  <testcase name="verifiedValueAddress" time="0.0" classname="com.dav.testcases.TC_DkycAgentInitiateSingleCase_09">
    <skipped/>
  </testcase> <!-- verifiedValueAddress -->
  <testcase name="verifyDateOfVerification" time="0.0" classname="com.dav.testcases.TC_DkycAgentInitiateSingleCase_09">
    <skipped/>
  </testcase> <!-- verifyDateOfVerification -->
  <testcase name="verifyReportingNameOnViewDetails" time="0.0" classname="com.dav.testcases.TC_DkycAgentInitiateSingleCase_09">
    <skipped/>
  </testcase> <!-- verifyReportingNameOnViewDetails -->
  <testcase name="verifyGetStatusCodeOfPoiFront" time="0.0" classname="com.dav.testcases.TC_DkycAgentInitiateSingleCase_09">
    <skipped/>
  </testcase> <!-- verifyGetStatusCodeOfPoiFront -->
  <testcase name="verifyGetStatusCodeOfSelefie" time="0.0" classname="com.dav.testcases.TC_DkycAgentInitiateSingleCase_09">
    <skipped/>
  </testcase> <!-- verifyGetStatusCodeOfSelefie -->
  <testcase name="verifyGetStatusCodeOfNid" time="0.0" classname="com.dav.testcases.TC_DkycAgentInitiateSingleCase_09">
    <skipped/>
  </testcase> <!-- verifyGetStatusCodeOfNid -->
  <testcase name="verifyGetStatusCodeOfPoaBack" time="0.0" classname="com.dav.testcases.TC_DkycAgentInitiateSingleCase_09">
    <skipped/>
  </testcase> <!-- verifyGetStatusCodeOfPoaBack -->
  <testcase name="verifyGetStatusCodeOfLabelOne" time="0.0" classname="com.dav.testcases.TC_DkycAgentInitiateSingleCase_09">
    <skipped/>
  </testcase> <!-- verifyGetStatusCodeOfLabelOne -->
  <testcase name="verifyGetStatusCodeOfPadLabelOne" time="0.0" classname="com.dav.testcases.TC_DkycAgentInitiateSingleCase_09">
    <skipped/>
  </testcase> <!-- verifyGetStatusCodeOfPadLabelOne -->
  <testcase name="verifyVerificationReportPdf" time="0.0" classname="com.dav.testcases.TC_DkycAgentInitiateSingleCase_09">
    <skipped/>
  </testcase> <!-- verifyVerificationReportPdf -->
  <testcase name="verifyVerificationReportPdfContainsFullName" time="0.0" classname="com.dav.testcases.TC_DkycAgentInitiateSingleCase_09">
    <skipped/>
  </testcase> <!-- verifyVerificationReportPdfContainsFullName -->
  <testcase name="verifyVerificationReportPdfContainsEmail" time="0.0" classname="com.dav.testcases.TC_DkycAgentInitiateSingleCase_09">
    <skipped/>
  </testcase> <!-- verifyVerificationReportPdfContainsEmail -->
  <testcase name="verifyVerificationReportPdfContainsMobileNo" time="0.0" classname="com.dav.testcases.TC_DkycAgentInitiateSingleCase_09">
    <skipped/>
  </testcase> <!-- verifyVerificationReportPdfContainsMobileNo -->
  <testcase name="verifyVerificationReportPdfContainsRmName" time="0.001" classname="com.dav.testcases.TC_DkycAgentInitiateSingleCase_09">
    <skipped/>
  </testcase> <!-- verifyVerificationReportPdfContainsRmName -->
  <testcase name="verifyVerificationReportPdfContainsAddress" time="0.0" classname="com.dav.testcases.TC_DkycAgentInitiateSingleCase_09">
    <skipped/>
  </testcase> <!-- verifyVerificationReportPdfContainsAddress -->
  <testcase name="verifyVerificationReportPdfContainsDateVerification" time="0.0" classname="com.dav.testcases.TC_DkycAgentInitiateSingleCase_09">
    <skipped/>
  </testcase> <!-- verifyVerificationReportPdfContainsDateVerification -->
</testsuite> <!-- Dav12 -->
